<?xml version="1.0" encoding="UTF-8"?>
<!-- Generated by org.testng.reporters.JUnitReportReporter -->
<testsuite hostname="DESKTOP-63R5SBN" failures="0" tests="1" name="TestCases.signUp" time="7.174" errors="0" timestamp="2024-01-29T21:53:18 EET" skipped="0">
  <testcase classname="TestCases.signUp" name="Sign_Up" time="7.174"/>
  <system-out/>
</testsuite> <!-- TestCases.signUp -->
