<?xml version="1.0" encoding="UTF-8"?>
<!-- Generated by org.testng.reporters.JUnitReportReporter -->
<testsuite hostname="DESKTOP-63R5SBN" failures="0" tests="5" name="TestCases.signUp" time="23.939" errors="0" timestamp="2024-01-31T13:47:43 EET" skipped="0">
  <testcase classname="TestCases.signUp" name="Sign_Up" time="9.576"/>
  <system-out/>
  <testcase classname="TestCases.signUp" name="Logout_Process" time="1.328"/>
  <system-out/>
  <testcase classname="TestCases.signUp" name="Login_Process" time="6.166"/>
  <system-out/>
  <testcase classname="TestCases.signUp" name="Adding_One_Item_To_Cart" time="6.782"/>
  <system-out/>
  <testcase classname="TestCases.signUp" name="Checking_Reviews_From_Checkout_Page" time="0.087"/>
  <system-out/>
</testsuite> <!-- TestCases.signUp -->
